[2025-05-24 20:51:10] [SimulacaoCoccaoCremeDeQueijo] [INFO] 🛠️ 10 atividades de cocção criadas.
[2025-05-24 20:51:10] [SimulacaoCoccaoCremeDeQueijo] [INFO] 🚀 Tentando alocar atividade 1 com 30000g.
[2025-05-24 20:51:10] [SimulacaoCoccaoCremeDeQueijo] [INFO] ✅ Atividade 1 alocada no Fogão 1 de 16:30 até 17:00.
[2025-05-24 20:53:43] [SimulacaoCoccaoCremeDeQueijo] [INFO] 🛠️ 5 atividades de cocção de creme de queijo criadas.
[2025-05-24 20:53:43] [SimulacaoCoccaoCremeDeQueijo] [INFO] 🚀 Tentando alocar atividade 1 com 5000g.
[2025-05-24 20:57:12] [SimulacaoCoccaoCremeDeQueijo] [INFO] 🛠️ 5 atividades de cocção de creme de queijo criadas.
[2025-05-24 20:57:12] [SimulacaoCoccaoCremeDeQueijo] [INFO] 🚀 Tentando alocar atividade 1 com 5000g.
[2025-05-24 20:57:46] [SimulacaoCoccaoCremeDeQueijo] [INFO] 🛠️ 5 atividades de cocção de creme de queijo criadas.
[2025-05-24 20:57:46] [SimulacaoCoccaoCremeDeQueijo] [INFO] 🚀 Tentando alocar atividade 1 com 5000g.
[2025-05-24 20:59:22] [SimulacaoCoccaoCremeDeQueijo] [INFO] 🛠️ 5 atividades de cocção de creme de queijo criadas.
[2025-05-24 20:59:22] [SimulacaoCoccaoCremeDeQueijo] [INFO] 🚀 Tentando alocar atividade 1 com 5000g.
[2025-05-24 20:59:42] [SimulacaoCoccaoCremeDeQueijo] [INFO] 🛠️ 5 atividades de cocção de creme de queijo criadas.
[2025-05-24 20:59:42] [SimulacaoCoccaoCremeDeQueijo] [INFO] 🚀 Tentando alocar atividade 1 com 5000g.
[2025-05-24 21:01:53] [SimulacaoCoccaoCremeDeQueijo] [INFO] 🛠️ 5 atividades de cocção de creme de queijo criadas.
[2025-05-24 21:01:53] [SimulacaoCoccaoCremeDeQueijo] [INFO] 🚀 Tentando alocar atividade 1 com 5000g.
[2025-05-24 21:01:53] [SimulacaoCoccaoCremeDeQueijo] [INFO] ✅ Atividade 1 alocada no Fogão Fogão 1 de 16:45 até 17:00.
[2025-05-24 21:04:01] [SimulacaoCoccaoCremeDeQueijo] [INFO] 🛠️ 5 atividades de cocção de creme de queijo criadas.
[2025-05-24 21:04:01] [SimulacaoCoccaoCremeDeQueijo] [INFO] 🚀 Tentando alocar atividade 1 com 5000g.
[2025-05-24 21:04:01] [SimulacaoCoccaoCremeDeQueijo] [INFO] ✅ Atividade 1 alocada no Fogão Fogão 1 de 16:45 até 17:00.
[2025-05-24 21:04:01] [SimulacaoCoccaoCremeDeQueijo] [INFO] 🚀 Tentando alocar atividade 2 com 15000g.
[2025-05-24 21:04:01] [SimulacaoCoccaoCremeDeQueijo] [INFO] ✅ Atividade 2 alocada no Fogão Fogão 1 de 16:45 até 17:00.
[2025-05-24 21:04:01] [SimulacaoCoccaoCremeDeQueijo] [INFO] 🚀 Tentando alocar atividade 3 com 22000g.
[2025-05-24 21:04:01] [SimulacaoCoccaoCremeDeQueijo] [INFO] ✅ Atividade 3 alocada no Fogão Fogão 1 de 16:30 até 17:00.
[2025-05-24 21:04:01] [SimulacaoCoccaoCremeDeQueijo] [INFO] 🚀 Tentando alocar atividade 4 com 45000g.
[2025-05-24 21:04:01] [SimulacaoCoccaoCremeDeQueijo] [INFO] ✅ Atividade 4 alocada no Fogão Fogão 1 de 16:15 até 17:00.
[2025-05-24 21:04:01] [SimulacaoCoccaoCremeDeQueijo] [INFO] 🚀 Tentando alocar atividade 5 com 60000g.
[2025-05-24 21:04:01] [SimulacaoCoccaoCremeDeQueijo] [INFO] ✅ Atividade 5 alocada no Fogão Fogão 2 de 16:15 até 17:00.
[2025-05-24 21:04:01] [SimulacaoCoccaoCremeDeQueijo] [INFO] 📅 Agenda final dos fogões:
[2025-05-24 21:05:28] [SimulacaoCoccaoCremeDeQueijo] [INFO] 🛠️ 5 atividades de cocção de creme de queijo criadas.
[2025-05-24 21:05:28] [SimulacaoCoccaoCremeDeQueijo] [INFO] ✅ Atividade 1 alocada no Fogão 1 de 16:45 até 17:00.
[2025-05-24 21:05:28] [SimulacaoCoccaoCremeDeQueijo] [INFO] ✅ Atividade 2 alocada no Fogão 1 de 16:45 até 17:00.
[2025-05-24 21:05:28] [SimulacaoCoccaoCremeDeQueijo] [INFO] ✅ Atividade 3 alocada no Fogão 1 de 16:30 até 17:00.
[2025-05-24 21:05:28] [SimulacaoCoccaoCremeDeQueijo] [INFO] ✅ Atividade 4 alocada no Fogão 1 de 16:15 até 17:00.
[2025-05-24 21:05:28] [SimulacaoCoccaoCremeDeQueijo] [INFO] ✅ Atividade 5 alocada no Fogão 2 de 16:15 até 17:00.
